

times in msec
 clock   self+sourced   self:  sourced script
 clock   elapsed:              other lines

000.005  000.005: --- VIM STARTING ---
000.120  000.115: Allocated generic buffers
000.204  000.084: locale set
000.218  000.014: GUI prepared
000.223  000.005: clipboard setup
000.227  000.004: window checked
000.705  000.478: inits 1
000.783  000.078: parsing arguments
000.786  000.003: expanding arguments
000.801  000.015: shell init
001.149  000.348: Termcap init
001.192  000.043: inits 2
001.353  000.161: init highlight
004.285  002.658  002.658: sourcing /home/semaraugusto/.vim/autoload/plug.vim
026.696  000.064  000.064: sourcing /home/semaraugusto/.vim/plugged/vim-json/ftdetect/json.vim
026.807  000.047  000.047: sourcing /home/semaraugusto/.vim/plugged/vim-markdown/ftdetect/markdown.vim
026.890  000.021  000.021: sourcing /home/semaraugusto/.vim/plugged/vim-less/ftdetect/less.vim
026.967  000.023  000.023: sourcing /home/semaraugusto/.vim/plugged/tsuquyomi/ftdetect/typescript.vim
027.190  000.168  000.168: sourcing /home/semaraugusto/.vim/plugged/typescript-vim/ftdetect/typescript.vim
027.492  010.881  010.558: sourcing /usr/local/share/vim/vim81/filetype.vim
027.941  000.059  000.059: sourcing /usr/local/share/vim/vim81/ftplugin.vim
028.369  000.055  000.055: sourcing /usr/local/share/vim/vim81/indent.vim
030.447  001.163  001.163: sourcing /usr/local/share/vim/vim81/syntax/syncolor.vim
030.603  001.738  000.575: sourcing /usr/local/share/vim/vim81/syntax/synload.vim
030.649  002.204  000.466: sourcing /usr/local/share/vim/vim81/syntax/syntax.vim
030.668  029.085  013.228: sourcing /home/semaraugusto/.vim/plugin/plugins.vim
031.553  000.023  000.023: sourcing /usr/local/share/vim/vim81/filetype.vim
031.944  000.018  000.018: sourcing /usr/local/share/vim/vim81/ftplugin.vim
032.420  000.283  000.283: sourcing /usr/local/share/vim/vim81/syntax/nosyntax.vim
033.471  000.250  000.250: sourcing /usr/local/share/vim/vim81/syntax/syncolor.vim
033.624  000.818  000.568: sourcing /usr/local/share/vim/vim81/syntax/synload.vim
033.670  001.587  000.486: sourcing /usr/local/share/vim/vim81/syntax/syntax.vim
034.921  000.249  000.249: sourcing /usr/local/share/vim/vim81/syntax/syncolor.vim
035.853  000.249  000.249: sourcing /usr/local/share/vim/vim81/syntax/syncolor.vim
044.904  010.795  010.297: sourcing /home/semaraugusto/.vim/plugged/vim-colorschemes/colors/nord.vim
046.320  000.401  000.401: sourcing /usr/local/share/vim/vim81/syntax/syncolor.vim
047.486  000.503  000.503: sourcing /usr/local/share/vim/vim81/syntax/syncolor.vim
056.777  011.542  010.638: sourcing /home/semaraugusto/.vim/plugged/vim-colorschemes/colors/nord.vim
057.267  055.738  002.688: sourcing $HOME/.vimrc
057.273  000.182: sourcing vimrc file(s)
065.933  000.691  000.691: sourcing /usr/local/share/vim/vim81/ftoff.vim
079.130  000.059  000.059: sourcing /home/semaraugusto/.vim/plugged/vim-json/ftdetect/json.vim
079.243  000.045  000.045: sourcing /home/semaraugusto/.vim/plugged/vim-markdown/ftdetect/markdown.vim
079.323  000.023  000.023: sourcing /home/semaraugusto/.vim/plugged/vim-less/ftdetect/less.vim
079.403  000.027  000.027: sourcing /home/semaraugusto/.vim/plugged/tsuquyomi/ftdetect/typescript.vim
079.505  000.032  000.032: sourcing /home/semaraugusto/.vim/plugged/typescript-vim/ftdetect/typescript.vim
079.832  009.352  009.166: sourcing /usr/local/share/vim/vim81/filetype.vim
080.266  000.020  000.020: sourcing /usr/local/share/vim/vim81/ftplugin.vim
080.659  000.018  000.018: sourcing /usr/local/share/vim/vim81/indent.vim
080.725  023.293  013.212: sourcing /home/semaraugusto/.vim/plugin/plugins.vim
081.701  000.195  000.195: sourcing /home/semaraugusto/.vim/plugged/nerdtree/autoload/nerdtree.vim
083.871  000.996  000.996: sourcing /home/semaraugusto/.vim/plugged/nerdtree/lib/nerdtree/path.vim
084.191  000.261  000.261: sourcing /home/semaraugusto/.vim/plugged/nerdtree/lib/nerdtree/menu_controller.vim
084.380  000.140  000.140: sourcing /home/semaraugusto/.vim/plugged/nerdtree/lib/nerdtree/menu_item.vim
084.576  000.149  000.149: sourcing /home/semaraugusto/.vim/plugged/nerdtree/lib/nerdtree/key_map.vim
084.977  000.327  000.327: sourcing /home/semaraugusto/.vim/plugged/nerdtree/lib/nerdtree/bookmark.vim
085.333  000.303  000.303: sourcing /home/semaraugusto/.vim/plugged/nerdtree/lib/nerdtree/tree_file_node.vim
086.005  000.618  000.618: sourcing /home/semaraugusto/.vim/plugged/nerdtree/lib/nerdtree/tree_dir_node.vim
086.346  000.289  000.289: sourcing /home/semaraugusto/.vim/plugged/nerdtree/lib/nerdtree/opener.vim
086.737  000.341  000.341: sourcing /home/semaraugusto/.vim/plugged/nerdtree/lib/nerdtree/creator.vim
086.858  000.070  000.070: sourcing /home/semaraugusto/.vim/plugged/nerdtree/lib/nerdtree/flag_set.vim
087.177  000.270  000.270: sourcing /home/semaraugusto/.vim/plugged/nerdtree/lib/nerdtree/nerdtree.vim
087.695  000.466  000.466: sourcing /home/semaraugusto/.vim/plugged/nerdtree/lib/nerdtree/ui.vim
087.791  000.043  000.043: sourcing /home/semaraugusto/.vim/plugged/nerdtree/lib/nerdtree/event.vim
087.908  000.064  000.064: sourcing /home/semaraugusto/.vim/plugged/nerdtree/lib/nerdtree/notifier.vim
088.606  000.640  000.640: sourcing /home/semaraugusto/.vim/plugged/nerdtree/autoload/nerdtree/ui_glue.vim
092.688  000.141  000.141: sourcing /home/semaraugusto/.vim/plugged/nerdtree/nerdtree_plugin/exec_menuitem.vim
093.680  000.965  000.965: sourcing /home/semaraugusto/.vim/plugged/nerdtree/nerdtree_plugin/fs_menu.vim
093.763  000.056  000.056: sourcing /home/semaraugusto/.vim/plugged/nerdtree/nerdtree_plugin/vcs.vim
094.784  013.966  007.632: sourcing /home/semaraugusto/.vim/plugged/nerdtree/plugin/NERD_tree.vim
095.641  000.250  000.250: sourcing /home/semaraugusto/.vim/plugged/vim-gitgutter/autoload/gitgutter/utility.vim
096.316  000.163  000.163: sourcing /home/semaraugusto/.vim/plugged/vim-gitgutter/autoload/gitgutter/highlight.vim
097.914  003.022  002.609: sourcing /home/semaraugusto/.vim/plugged/vim-gitgutter/plugin/gitgutter.vim
099.363  001.348  001.348: sourcing /home/semaraugusto/.vim/plugged/supertab/plugin/supertab.vim
099.718  000.250  000.250: sourcing /home/semaraugusto/.vim/plugged/vim-rhubarb/plugin/rhubarb.vim
101.743  001.897  001.897: sourcing /home/semaraugusto/.vim/plugged/vim-bundler/plugin/bundler.vim
102.347  000.504  000.504: sourcing /home/semaraugusto/.vim/plugged/vim-endwise/plugin/endwise.vim
103.314  000.850  000.850: sourcing /home/semaraugusto/.vim/plugged/vim-surround/plugin/surround.vim
104.237  000.822  000.822: sourcing /home/semaraugusto/.vim/plugged/matchit/plugin/matchit.vim
105.703  001.121  001.121: sourcing /home/semaraugusto/.vim/plugged/vim-textobj-user/autoload/textobj/user.vim
115.163  010.733  009.612: sourcing /home/semaraugusto/.vim/plugged/vim-textobj-rubyblock/plugin/textobj/rubyblock.vim
120.746  005.490  005.490: sourcing /home/semaraugusto/.vim/plugged/tComment/plugin/tcomment.vim
121.345  000.498  000.498: sourcing /home/semaraugusto/.vim/plugged/vim-ripgrep/plugin/vim-ripgrep.vim
121.578  000.132  000.132: sourcing /home/semaraugusto/.vim/plugged/split-expander/plugin/split-expander.vim
121.954  000.280  000.280: sourcing /home/semaraugusto/.vim/plugged/vim-lastplace/plugin/vim-lastplace.vim
124.386  001.335  001.335: sourcing /home/semaraugusto/.vim/plugged/delimitmate/autoload/delimitMate.vim
128.604  006.555  005.220: sourcing /home/semaraugusto/.vim/plugged/delimitmate/plugin/delimitMate.vim
129.445  000.727  000.727: sourcing /home/semaraugusto/.vim/plugged/vim-tags/plugin/tags.vim
129.860  000.324  000.324: sourcing /home/semaraugusto/.vim/plugged/ranger.vim/plugin/ranger.vim
131.513  001.568  001.568: sourcing /home/semaraugusto/.fzf/plugin/fzf.vim
133.066  001.462  001.462: sourcing /home/semaraugusto/.vim/plugged/fzf.vim/plugin/fzf.vim
133.296  000.136  000.136: sourcing /home/semaraugusto/.vim/plugged/vim-exjumplist/plugin/exjumplist.vim
133.534  000.147  000.147: sourcing /home/semaraugusto/.vim/plugged/split-term.vim/plugin/split-term.vim
141.864  008.244  008.244: sourcing /home/semaraugusto/.vim/plugged/slimux/plugin/slimux.vim
142.276  000.298  000.298: sourcing /home/semaraugusto/.vim/plugged/lightline.vim/plugin/lightline.vim
142.481  000.083  000.083: sourcing /home/semaraugusto/.vim/plugged/rainbow_parentheses.vim/plugin/rainbow_parentheses.vim
142.872  000.307  000.307: sourcing /home/semaraugusto/.vim/plugged/vimux/plugin/vimux.vim
143.334  000.362  000.362: sourcing /home/semaraugusto/.vim/plugged/vim-tmux-navigator/plugin/tmux_navigator.vim
144.249  000.825  000.825: sourcing /home/semaraugusto/.vim/plugged/vim-eunuch/plugin/eunuch.vim
145.112  000.286  000.286: sourcing /home/semaraugusto/.vim/plugged/ctrlp.vim/autoload/ctrlp/mrufiles.vim
145.371  001.022  000.736: sourcing /home/semaraugusto/.vim/plugged/ctrlp.vim/plugin/ctrlp.vim
145.843  000.301  000.301: sourcing /home/semaraugusto/.vim/plugged/tsuquyomi/plugin/tsuquyomi.vim
146.077  000.121  000.121: sourcing /home/semaraugusto/.vim/plugged/vimproc.vim/plugin/vimproc.vim
148.133  000.148  000.148: sourcing /home/semaraugusto/.vim/plugged/ale/autoload/ale/events.vim
148.403  002.240  002.092: sourcing /home/semaraugusto/.vim/plugged/ale/plugin/ale.vim
148.548  000.044  000.044: sourcing /home/semaraugusto/.vim/plugged/goyo.vim/plugin/goyo.vim
153.955  005.322  005.322: sourcing /home/semaraugusto/.vim/plugged/vim-fugitive/plugin/fugitive.vim
154.789  000.682  000.682: sourcing /home/semaraugusto/.vim/plugged/YouCompleteMe/plugin/youcompleteme.vim
155.635  000.742  000.742: sourcing /home/semaraugusto/.vim/plugged/editorconfig-vim/plugin/editorconfig.vim
156.488  000.193  000.193: sourcing /home/semaraugusto/.vim/plugged/vim-test/autoload/test.vim
157.788  002.000  001.807: sourcing /home/semaraugusto/.vim/plugged/vim-test/plugin/test.vim
158.223  000.328  000.328: sourcing /home/semaraugusto/.vim/plugged/Colorizer/plugin/ColorizerPlugin.vim
158.404  000.073  000.073: sourcing /home/semaraugusto/.vim/plugged/gist-vim/plugin/gist.vim
158.889  000.118  000.118: sourcing /usr/local/share/vim/vim81/plugin/getscriptPlugin.vim
159.447  000.533  000.533: sourcing /usr/local/share/vim/vim81/plugin/gzip.vim
159.822  000.349  000.349: sourcing /usr/local/share/vim/vim81/plugin/logiPat.vim
159.901  000.053  000.053: sourcing /usr/local/share/vim/vim81/plugin/manpager.vim
160.209  000.282  000.282: sourcing /usr/local/share/vim/vim81/plugin/matchparen.vim
161.130  000.891  000.891: sourcing /usr/local/share/vim/vim81/plugin/netrwPlugin.vim
161.238  000.065  000.065: sourcing /usr/local/share/vim/vim81/plugin/rrhelper.vim
161.324  000.051  000.051: sourcing /usr/local/share/vim/vim81/plugin/spellfile.vim
161.626  000.270  000.270: sourcing /usr/local/share/vim/vim81/plugin/tarPlugin.vim
161.823  000.154  000.154: sourcing /usr/local/share/vim/vim81/plugin/tohtml.vim
162.168  000.312  000.312: sourcing /usr/local/share/vim/vim81/plugin/vimballPlugin.vim
162.506  000.288  000.288: sourcing /usr/local/share/vim/vim81/plugin/zipPlugin.vim
162.518  004.881: loading plugins
162.617  000.099: loading packages
163.591  000.821  000.821: sourcing /home/semaraugusto/.vim/plugged/indentline/after/plugin/indentLine.vim
163.636  000.198: loading after plugins
165.189  001.553: inits 3
165.531  000.342: reading viminfo
168.177  002.646: setup clipboard
168.187  000.010: setting raw mode
168.260  000.073: start termcap
168.315  000.055: clearing screen
171.938  000.078  000.078: sourcing /home/semaraugusto/.vim/plugged/slimux/ftplugin/python.vim
174.045  001.142  001.142: sourcing /usr/local/share/vim/vim81/ftplugin/python.vim
175.246  000.327  000.327: sourcing /usr/local/share/vim/vim81/indent/python.vim
177.431  001.037  001.037: sourcing /usr/local/share/vim/vim81/syntax/python.vim
184.915  000.595  000.595: sourcing /home/semaraugusto/.vim/plugged/lightline.vim/autoload/lightline.vim
185.992  000.085  000.085: sourcing /home/semaraugusto/.vim/plugged/lightline.vim/autoload/lightline/tab.vim
187.435  000.265  000.265: sourcing /home/semaraugusto/.vim/plugged/lightline.vim/autoload/lightline/colorscheme.vim
191.475  004.752  004.487: sourcing /home/semaraugusto/.vim/plugged/lightline.vim/autoload/lightline/colorscheme/powerline.vim
191.486  005.077  000.325: sourcing /home/semaraugusto/.vim/plugged/lightline.vim/autoload/lightline/colorscheme/default.vim
208.706  000.266  000.266: sourcing /home/semaraugusto/.vim/plugged/ale/autoload/ale.vim
209.584  000.427  000.427: sourcing /home/semaraugusto/.vim/plugged/ale/autoload/ale/util.vim
210.465  000.439  000.439: sourcing /home/semaraugusto/.vim/plugged/ale/autoload/ale/linter.vim
212.215  000.660  000.660: sourcing /home/semaraugusto/.vim/plugged/ale/ale_linters/python/bandit.vim
212.983  000.718  000.718: sourcing /home/semaraugusto/.vim/plugged/ale/ale_linters/python/flake8.vim
213.718  000.681  000.681: sourcing /home/semaraugusto/.vim/plugged/ale/ale_linters/python/mypy.vim
214.390  000.623  000.623: sourcing /home/semaraugusto/.vim/plugged/ale/ale_linters/python/prospector.vim
215.287  000.851  000.851: sourcing /home/semaraugusto/.vim/plugged/ale/ale_linters/python/pycodestyle.vim
215.981  000.647  000.647: sourcing /home/semaraugusto/.vim/plugged/ale/ale_linters/python/pydocstyle.vim
216.645  000.617  000.617: sourcing /home/semaraugusto/.vim/plugged/ale/ale_linters/python/pyflakes.vim
217.397  000.706  000.706: sourcing /home/semaraugusto/.vim/plugged/ale/ale_linters/python/pylama.vim
218.130  000.684  000.684: sourcing /home/semaraugusto/.vim/plugged/ale/ale_linters/python/pylint.vim
218.871  000.692  000.692: sourcing /home/semaraugusto/.vim/plugged/ale/ale_linters/python/pyls.vim
219.554  000.637  000.637: sourcing /home/semaraugusto/.vim/plugged/ale/ale_linters/python/pyre.vim
220.342  000.742  000.742: sourcing /home/semaraugusto/.vim/plugged/ale/ale_linters/python/vulture.vim
222.083  000.594  000.594: sourcing /home/semaraugusto/.vim/plugged/ale/autoload/ale/engine.vim
222.794  000.311  000.311: sourcing /home/semaraugusto/.vim/plugged/ale/autoload/ale/command.vim
223.721  000.186  000.186: sourcing /home/semaraugusto/.vim/plugged/ale/autoload/ale/python.vim
224.534  000.361  000.361: sourcing /home/semaraugusto/.vim/plugged/ale/autoload/ale/path.vim
225.833  000.087  000.087: sourcing /home/semaraugusto/.vim/plugged/ale/autoload/ale/history.vim
230.301  000.324  000.324: sourcing /home/semaraugusto/.vim/plugged/ale/autoload/ale/job.vim
232.751  044.842: opening buffers
233.200  000.270  000.270: sourcing /home/semaraugusto/.vim/plugged/vim-gitgutter/autoload/gitgutter.vim
233.908  000.129  000.129: sourcing /home/semaraugusto/.vim/plugged/vim-gitgutter/autoload/gitgutter/async.vim
234.163  000.147  000.147: sourcing /home/semaraugusto/.vim/plugged/vim-gitgutter/autoload/gitgutter/debug.vim
243.134  007.461  007.461: sourcing /home/semaraugusto/.vim/plugged/vim-gitgutter/autoload/gitgutter/diff.vim
249.500  000.458  000.458: sourcing /home/semaraugusto/.vim/plugged/vim-gitgutter/autoload/gitgutter/hunk.vim
249.971  000.236  000.236: sourcing /home/semaraugusto/.vim/plugged/vim-gitgutter/autoload/gitgutter/sign.vim
251.877  000.222  000.222: sourcing /home/semaraugusto/.vim/plugged/ctrlp.vim/autoload/ctrlp/utils.vim
295.232  053.558: BufEnter autocommands
295.239  000.007: editing files in windows
296.996  000.953  000.953: sourcing /home/semaraugusto/.vim/plugged/YouCompleteMe/autoload/youcompleteme.vim
499.534  203.342: VimEnter autocommands
499.540  000.006: before starting main loop
500.303  000.311  000.311: sourcing /home/semaraugusto/.vim/plugged/ale/autoload/ale/cursor.vim
509.588  009.737: first screen update
509.591  000.003: --- VIM STARTED ---
